[0702/181042.830:WARNING:runtime_features.cc(728)] AttributionReportingCrossAppWeb cannot be enabled in this configuration. Use --enable-features=ConversionMeasurement,AttributionReportingCrossAppWeb in addition.
[0702/181042.858:WARNING:runtime_features.cc(728)] AttributionReportingCrossAppWeb cannot be enabled in this configuration. Use --enable-features=ConversionMeasurement,AttributionReportingCrossAppWeb in addition.
[0702/181043.294:INFO:CONSOLE(2)] "[object Object]", source: file:///C:/users/10057/appdata/local/microsoft/visualstudio/17.0_ffbe46ba/extensions/5os3j1i2.qnk/WebView/Resources/chat.js (2)
[0702/181043.365:INFO:CONSOLE(2)] "Webview->Extension: [object Object]", source: file:///C:/users/10057/appdata/local/microsoft/visualstudio/17.0_ffbe46ba/extensions/5os3j1i2.qnk/WebView/Resources/chat.js (2)
[0702/181043.365:INFO:CONSOLE(2)] "Webview->Extension: [object Object]", source: file:///C:/users/10057/appdata/local/microsoft/visualstudio/17.0_ffbe46ba/extensions/5os3j1i2.qnk/WebView/Resources/chat.js (2)
[0702/181043.365:INFO:CONSOLE(2)] "Webview->Extension: [object Object]", source: file:///C:/users/10057/appdata/local/microsoft/visualstudio/17.0_ffbe46ba/extensions/5os3j1i2.qnk/WebView/Resources/chat.js (2)
[0702/181043.365:INFO:CONSOLE(2)] "Webview->Extension: [object Object]", source: file:///C:/users/10057/appdata/local/microsoft/visualstudio/17.0_ffbe46ba/extensions/5os3j1i2.qnk/WebView/Resources/chat.js (2)
[0702/181043.365:INFO:CONSOLE(2)] "Webview->Extension: [object Object]", source: file:///C:/users/10057/appdata/local/microsoft/visualstudio/17.0_ffbe46ba/extensions/5os3j1i2.qnk/WebView/Resources/chat.js (2)
[0702/181043.365:INFO:CONSOLE(2)] "Webview->Extension: [object Object]", source: file:///C:/users/10057/appdata/local/microsoft/visualstudio/17.0_ffbe46ba/extensions/5os3j1i2.qnk/WebView/Resources/chat.js (2)
[0702/181043.365:INFO:CONSOLE(2)] "[object Object]", source: file:///C:/users/10057/appdata/local/microsoft/visualstudio/17.0_ffbe46ba/extensions/5os3j1i2.qnk/WebView/Resources/chat.js (2)
[0702/181043.365:INFO:CONSOLE(2)] "[object Object]", source: file:///C:/users/10057/appdata/local/microsoft/visualstudio/17.0_ffbe46ba/extensions/5os3j1i2.qnk/WebView/Resources/chat.js (2)
[0702/181043.505:INFO:CONSOLE(2)] "Extension->Webview: [object Object]", source: file:///C:/users/10057/appdata/local/microsoft/visualstudio/17.0_ffbe46ba/extensions/5os3j1i2.qnk/WebView/Resources/chat.js (2)
[0702/181043.505:INFO:CONSOLE(2)] "[object Object]", source: file:///C:/users/10057/appdata/local/microsoft/visualstudio/17.0_ffbe46ba/extensions/5os3j1i2.qnk/WebView/Resources/chat.js (2)
[0702/181043.549:INFO:CONSOLE(2)] "Extension->Webview: [object Object]", source: file:///C:/users/10057/appdata/local/microsoft/visualstudio/17.0_ffbe46ba/extensions/5os3j1i2.qnk/WebView/Resources/chat.js (2)
[0702/181043.550:INFO:CONSOLE(2)] "[object Object]", source: file:///C:/users/10057/appdata/local/microsoft/visualstudio/17.0_ffbe46ba/extensions/5os3j1i2.qnk/WebView/Resources/chat.js (2)
[0702/181102.827:WARNING:dns_config_service_win.cc(586)] Failed to read DnsConfig.
[0702/181104.945:WARNING:dns_config_service_win.cc(586)] Failed to read DnsConfig.
[0702/181312.037:INFO:CONSOLE(2)] "Extension->Webview: [object Object]", source: file:///C:/users/10057/appdata/local/microsoft/visualstudio/17.0_ffbe46ba/extensions/5os3j1i2.qnk/WebView/Resources/chat.js (2)
[0702/181312.049:INFO:CONSOLE(2)] "Extension->Webview: [object Object]", source: file:///C:/users/10057/appdata/local/microsoft/visualstudio/17.0_ffbe46ba/extensions/5os3j1i2.qnk/WebView/Resources/chat.js (2)
[0702/181321.917:INFO:CONSOLE(2)] "[object Object]", source: file:///C:/users/10057/appdata/local/microsoft/visualstudio/17.0_ffbe46ba/extensions/5os3j1i2.qnk/WebView/Resources/chat.js (2)
[0702/181327.821:INFO:CONSOLE(2)] "[object Object]", source: file:///C:/users/10057/appdata/local/microsoft/visualstudio/17.0_ffbe46ba/extensions/5os3j1i2.qnk/WebView/Resources/chat.js (2)
[0702/181327.875:INFO:CONSOLE(2)] "[object Object]", source: file:///C:/users/10057/appdata/local/microsoft/visualstudio/17.0_ffbe46ba/extensions/5os3j1i2.qnk/WebView/Resources/chat.js (2)
[0702/181328.810:INFO:CONSOLE(2)] "[object Object]", source: file:///C:/users/10057/appdata/local/microsoft/visualstudio/17.0_ffbe46ba/extensions/5os3j1i2.qnk/WebView/Resources/chat.js (2)
[0702/181328.811:INFO:CONSOLE(2)] "[object Object]", source: file:///C:/users/10057/appdata/local/microsoft/visualstudio/17.0_ffbe46ba/extensions/5os3j1i2.qnk/WebView/Resources/chat.js (2)
[0702/181332.288:INFO:CONSOLE(2)] "[object Object]", source: file:///C:/users/10057/appdata/local/microsoft/visualstudio/17.0_ffbe46ba/extensions/5os3j1i2.qnk/WebView/Resources/chat.js (2)
[0702/182538.735:INFO:CONSOLE(2)] "[object Object]", source: file:///C:/users/10057/appdata/local/microsoft/visualstudio/17.0_ffbe46ba/extensions/5os3j1i2.qnk/WebView/Resources/chat.js (2)
[0702/182556.540:INFO:CONSOLE(2)] "Webview->Extension: [object Object]", source: file:///C:/users/10057/appdata/local/microsoft/visualstudio/17.0_ffbe46ba/extensions/5os3j1i2.qnk/WebView/Resources/chat.js (2)
[0702/182556.545:INFO:CONSOLE(2)] "[object Object]", source: file:///C:/users/10057/appdata/local/microsoft/visualstudio/17.0_ffbe46ba/extensions/5os3j1i2.qnk/WebView/Resources/chat.js (2)
[0702/182556.556:INFO:CONSOLE(2)] "Extension->Webview: [object Object]", source: file:///C:/users/10057/appdata/local/microsoft/visualstudio/17.0_ffbe46ba/extensions/5os3j1i2.qnk/WebView/Resources/chat.js (2)
[0702/182556.556:INFO:CONSOLE(2)] "[object Object]", source: file:///C:/users/10057/appdata/local/microsoft/visualstudio/17.0_ffbe46ba/extensions/5os3j1i2.qnk/WebView/Resources/chat.js (2)
[0702/182556.587:INFO:CONSOLE(2)] "Extension->Webview: [object Object]", source: file:///C:/users/10057/appdata/local/microsoft/visualstudio/17.0_ffbe46ba/extensions/5os3j1i2.qnk/WebView/Resources/chat.js (2)
[0702/182556.589:INFO:CONSOLE(2)] "[object Object]", source: file:///C:/users/10057/appdata/local/microsoft/visualstudio/17.0_ffbe46ba/extensions/5os3j1i2.qnk/WebView/Resources/chat.js (2)
[0702/182556.602:INFO:CONSOLE(2)] "[object Object]", source: file:///C:/users/10057/appdata/local/microsoft/visualstudio/17.0_ffbe46ba/extensions/5os3j1i2.qnk/WebView/Resources/chat.js (2)
[0702/182556.772:INFO:CONSOLE(2)] "Extension->Webview: [object Object]", source: file:///C:/users/10057/appdata/local/microsoft/visualstudio/17.0_ffbe46ba/extensions/5os3j1i2.qnk/WebView/Resources/chat.js (2)
[0702/182556.772:INFO:CONSOLE(2)] "[object Object]", source: file:///C:/users/10057/appdata/local/microsoft/visualstudio/17.0_ffbe46ba/extensions/5os3j1i2.qnk/WebView/Resources/chat.js (2)
[0702/182556.773:INFO:CONSOLE(2)] "Extension->Webview: [object Object]", source: file:///C:/users/10057/appdata/local/microsoft/visualstudio/17.0_ffbe46ba/extensions/5os3j1i2.qnk/WebView/Resources/chat.js (2)
[0702/182556.773:INFO:CONSOLE(2)] "[object Object]", source: file:///C:/users/10057/appdata/local/microsoft/visualstudio/17.0_ffbe46ba/extensions/5os3j1i2.qnk/WebView/Resources/chat.js (2)
[0702/182556.807:INFO:CONSOLE(2)] "[object Object]", source: file:///C:/users/10057/appdata/local/microsoft/visualstudio/17.0_ffbe46ba/extensions/5os3j1i2.qnk/WebView/Resources/chat.js (2)
[0702/183753.063:WARNING:runtime_features.cc(728)] AttributionReportingCrossAppWeb cannot be enabled in this configuration. Use --enable-features=ConversionMeasurement,AttributionReportingCrossAppWeb in addition.
[0702/183753.091:WARNING:runtime_features.cc(728)] AttributionReportingCrossAppWeb cannot be enabled in this configuration. Use --enable-features=ConversionMeasurement,AttributionReportingCrossAppWeb in addition.
[0702/183753.445:INFO:CONSOLE(2)] "[object Object]", source: file:///C:/users/10057/appdata/local/microsoft/visualstudio/17.0_ffbe46ba/extensions/5os3j1i2.qnk/WebView/Resources/chat.js (2)
[0702/183753.495:INFO:CONSOLE(2)] "Webview->Extension: [object Object]", source: file:///C:/users/10057/appdata/local/microsoft/visualstudio/17.0_ffbe46ba/extensions/5os3j1i2.qnk/WebView/Resources/chat.js (2)
[0702/183753.495:INFO:CONSOLE(2)] "Webview->Extension: [object Object]", source: file:///C:/users/10057/appdata/local/microsoft/visualstudio/17.0_ffbe46ba/extensions/5os3j1i2.qnk/WebView/Resources/chat.js (2)
[0702/183753.495:INFO:CONSOLE(2)] "Webview->Extension: [object Object]", source: file:///C:/users/10057/appdata/local/microsoft/visualstudio/17.0_ffbe46ba/extensions/5os3j1i2.qnk/WebView/Resources/chat.js (2)
[0702/183753.495:INFO:CONSOLE(2)] "Webview->Extension: [object Object]", source: file:///C:/users/10057/appdata/local/microsoft/visualstudio/17.0_ffbe46ba/extensions/5os3j1i2.qnk/WebView/Resources/chat.js (2)
[0702/183753.495:INFO:CONSOLE(2)] "Webview->Extension: [object Object]", source: file:///C:/users/10057/appdata/local/microsoft/visualstudio/17.0_ffbe46ba/extensions/5os3j1i2.qnk/WebView/Resources/chat.js (2)
[0702/183753.495:INFO:CONSOLE(2)] "Webview->Extension: [object Object]", source: file:///C:/users/10057/appdata/local/microsoft/visualstudio/17.0_ffbe46ba/extensions/5os3j1i2.qnk/WebView/Resources/chat.js (2)
[0702/183753.495:INFO:CONSOLE(2)] "[object Object]", source: file:///C:/users/10057/appdata/local/microsoft/visualstudio/17.0_ffbe46ba/extensions/5os3j1i2.qnk/WebView/Resources/chat.js (2)
[0702/183753.495:INFO:CONSOLE(2)] "[object Object]", source: file:///C:/users/10057/appdata/local/microsoft/visualstudio/17.0_ffbe46ba/extensions/5os3j1i2.qnk/WebView/Resources/chat.js (2)
[0702/183753.500:INFO:CONSOLE(2)] "[object Object]", source: file:///C:/users/10057/appdata/local/microsoft/visualstudio/17.0_ffbe46ba/extensions/5os3j1i2.qnk/WebView/Resources/chat.js (2)
[0702/183753.585:INFO:CONSOLE(2)] "Extension->Webview: [object Object]", source: file:///C:/users/10057/appdata/local/microsoft/visualstudio/17.0_ffbe46ba/extensions/5os3j1i2.qnk/WebView/Resources/chat.js (2)
[0702/183753.585:INFO:CONSOLE(2)] "[object Object]", source: file:///C:/users/10057/appdata/local/microsoft/visualstudio/17.0_ffbe46ba/extensions/5os3j1i2.qnk/WebView/Resources/chat.js (2)
[0702/183753.586:INFO:CONSOLE(2)] "Extension->Webview: [object Object]", source: file:///C:/users/10057/appdata/local/microsoft/visualstudio/17.0_ffbe46ba/extensions/5os3j1i2.qnk/WebView/Resources/chat.js (2)
[0702/183753.586:INFO:CONSOLE(2)] "[object Object]", source: file:///C:/users/10057/appdata/local/microsoft/visualstudio/17.0_ffbe46ba/extensions/5os3j1i2.qnk/WebView/Resources/chat.js (2)
[0702/194839.798:WARNING:runtime_features.cc(728)] AttributionReportingCrossAppWeb cannot be enabled in this configuration. Use --enable-features=ConversionMeasurement,AttributionReportingCrossAppWeb in addition.
[0702/194839.798:WARNING:runtime_features.cc(728)] AttributionReportingCrossAppWeb cannot be enabled in this configuration. Use --enable-features=ConversionMeasurement,AttributionReportingCrossAppWeb in addition.
[0702/194840.284:INFO:CONSOLE(2)] "[object Object]", source: file:///C:/users/10057/appdata/local/microsoft/visualstudio/17.0_ffbe46ba/extensions/5os3j1i2.qnk/WebView/Resources/chat.js (2)
[0702/194840.352:INFO:CONSOLE(2)] "Webview->Extension: [object Object]", source: file:///C:/users/10057/appdata/local/microsoft/visualstudio/17.0_ffbe46ba/extensions/5os3j1i2.qnk/WebView/Resources/chat.js (2)
[0702/194840.352:INFO:CONSOLE(2)] "Webview->Extension: [object Object]", source: file:///C:/users/10057/appdata/local/microsoft/visualstudio/17.0_ffbe46ba/extensions/5os3j1i2.qnk/WebView/Resources/chat.js (2)
[0702/194840.352:INFO:CONSOLE(2)] "Webview->Extension: [object Object]", source: file:///C:/users/10057/appdata/local/microsoft/visualstudio/17.0_ffbe46ba/extensions/5os3j1i2.qnk/WebView/Resources/chat.js (2)
[0702/194840.352:INFO:CONSOLE(2)] "Webview->Extension: [object Object]", source: file:///C:/users/10057/appdata/local/microsoft/visualstudio/17.0_ffbe46ba/extensions/5os3j1i2.qnk/WebView/Resources/chat.js (2)
[0702/194840.352:INFO:CONSOLE(2)] "Webview->Extension: [object Object]", source: file:///C:/users/10057/appdata/local/microsoft/visualstudio/17.0_ffbe46ba/extensions/5os3j1i2.qnk/WebView/Resources/chat.js (2)
[0702/194840.352:INFO:CONSOLE(2)] "Webview->Extension: [object Object]", source: file:///C:/users/10057/appdata/local/microsoft/visualstudio/17.0_ffbe46ba/extensions/5os3j1i2.qnk/WebView/Resources/chat.js (2)
[0702/194840.352:INFO:CONSOLE(2)] "[object Object]", source: file:///C:/users/10057/appdata/local/microsoft/visualstudio/17.0_ffbe46ba/extensions/5os3j1i2.qnk/WebView/Resources/chat.js (2)
[0702/194840.360:INFO:CONSOLE(2)] "[object Object]", source: file:///C:/users/10057/appdata/local/microsoft/visualstudio/17.0_ffbe46ba/extensions/5os3j1i2.qnk/WebView/Resources/chat.js (2)
[0702/194840.362:INFO:CONSOLE(2)] "[object Object]", source: file:///C:/users/10057/appdata/local/microsoft/visualstudio/17.0_ffbe46ba/extensions/5os3j1i2.qnk/WebView/Resources/chat.js (2)
[0702/194840.448:INFO:CONSOLE(2)] "Extension->Webview: [object Object]", source: file:///C:/users/10057/appdata/local/microsoft/visualstudio/17.0_ffbe46ba/extensions/5os3j1i2.qnk/WebView/Resources/chat.js (2)
[0702/194840.448:INFO:CONSOLE(2)] "[object Object]", source: file:///C:/users/10057/appdata/local/microsoft/visualstudio/17.0_ffbe46ba/extensions/5os3j1i2.qnk/WebView/Resources/chat.js (2)
[0702/194840.448:INFO:CONSOLE(2)] "Extension->Webview: [object Object]", source: file:///C:/users/10057/appdata/local/microsoft/visualstudio/17.0_ffbe46ba/extensions/5os3j1i2.qnk/WebView/Resources/chat.js (2)
[0702/194840.449:INFO:CONSOLE(2)] "[object Object]", source: file:///C:/users/10057/appdata/local/microsoft/visualstudio/17.0_ffbe46ba/extensions/5os3j1i2.qnk/WebView/Resources/chat.js (2)
[0702/221320.838:WARNING:runtime_features.cc(728)] AttributionReportingCrossAppWeb cannot be enabled in this configuration. Use --enable-features=ConversionMeasurement,AttributionReportingCrossAppWeb in addition.
[0702/221320.869:WARNING:runtime_features.cc(728)] AttributionReportingCrossAppWeb cannot be enabled in this configuration. Use --enable-features=ConversionMeasurement,AttributionReportingCrossAppWeb in addition.
[0702/221321.173:INFO:CONSOLE(2)] "[object Object]", source: file:///C:/users/10057/appdata/local/microsoft/visualstudio/17.0_ffbe46ba/extensions/5os3j1i2.qnk/WebView/Resources/chat.js (2)
[0702/221321.221:INFO:CONSOLE(2)] "Webview->Extension: [object Object]", source: file:///C:/users/10057/appdata/local/microsoft/visualstudio/17.0_ffbe46ba/extensions/5os3j1i2.qnk/WebView/Resources/chat.js (2)
[0702/221321.221:INFO:CONSOLE(2)] "Webview->Extension: [object Object]", source: file:///C:/users/10057/appdata/local/microsoft/visualstudio/17.0_ffbe46ba/extensions/5os3j1i2.qnk/WebView/Resources/chat.js (2)
[0702/221321.221:INFO:CONSOLE(2)] "Webview->Extension: [object Object]", source: file:///C:/users/10057/appdata/local/microsoft/visualstudio/17.0_ffbe46ba/extensions/5os3j1i2.qnk/WebView/Resources/chat.js (2)
[0702/221321.221:INFO:CONSOLE(2)] "Webview->Extension: [object Object]", source: file:///C:/users/10057/appdata/local/microsoft/visualstudio/17.0_ffbe46ba/extensions/5os3j1i2.qnk/WebView/Resources/chat.js (2)
[0702/221321.221:INFO:CONSOLE(2)] "Webview->Extension: [object Object]", source: file:///C:/users/10057/appdata/local/microsoft/visualstudio/17.0_ffbe46ba/extensions/5os3j1i2.qnk/WebView/Resources/chat.js (2)
[0702/221321.221:INFO:CONSOLE(2)] "Webview->Extension: [object Object]", source: file:///C:/users/10057/appdata/local/microsoft/visualstudio/17.0_ffbe46ba/extensions/5os3j1i2.qnk/WebView/Resources/chat.js (2)
[0702/221321.221:INFO:CONSOLE(2)] "[object Object]", source: file:///C:/users/10057/appdata/local/microsoft/visualstudio/17.0_ffbe46ba/extensions/5os3j1i2.qnk/WebView/Resources/chat.js (2)
[0702/221321.221:INFO:CONSOLE(2)] "[object Object]", source: file:///C:/users/10057/appdata/local/microsoft/visualstudio/17.0_ffbe46ba/extensions/5os3j1i2.qnk/WebView/Resources/chat.js (2)
[0702/221321.227:INFO:CONSOLE(2)] "[object Object]", source: file:///C:/users/10057/appdata/local/microsoft/visualstudio/17.0_ffbe46ba/extensions/5os3j1i2.qnk/WebView/Resources/chat.js (2)
[0702/221321.307:INFO:CONSOLE(2)] "Extension->Webview: [object Object]", source: file:///C:/users/10057/appdata/local/microsoft/visualstudio/17.0_ffbe46ba/extensions/5os3j1i2.qnk/WebView/Resources/chat.js (2)
[0702/221321.307:INFO:CONSOLE(2)] "[object Object]", source: file:///C:/users/10057/appdata/local/microsoft/visualstudio/17.0_ffbe46ba/extensions/5os3j1i2.qnk/WebView/Resources/chat.js (2)
[0702/221321.309:INFO:CONSOLE(2)] "Extension->Webview: [object Object]", source: file:///C:/users/10057/appdata/local/microsoft/visualstudio/17.0_ffbe46ba/extensions/5os3j1i2.qnk/WebView/Resources/chat.js (2)
[0702/221321.309:INFO:CONSOLE(2)] "[object Object]", source: file:///C:/users/10057/appdata/local/microsoft/visualstudio/17.0_ffbe46ba/extensions/5os3j1i2.qnk/WebView/Resources/chat.js (2)
[0702/223327.006:INFO:CONSOLE(2)] "Extension->Webview: [object Object]", source: file:///C:/users/10057/appdata/local/microsoft/visualstudio/17.0_ffbe46ba/extensions/5os3j1i2.qnk/WebView/Resources/chat.js (2)
[0702/223327.006:INFO:CONSOLE(2)] "[object Object]", source: file:///C:/users/10057/appdata/local/microsoft/visualstudio/17.0_ffbe46ba/extensions/5os3j1i2.qnk/WebView/Resources/chat.js (2)
[0702/223327.039:INFO:CONSOLE(2)] "Extension->Webview: [object Object]", source: file:///C:/users/10057/appdata/local/microsoft/visualstudio/17.0_ffbe46ba/extensions/5os3j1i2.qnk/WebView/Resources/chat.js (2)
[0702/223327.039:INFO:CONSOLE(2)] "[object Object]", source: file:///C:/users/10057/appdata/local/microsoft/visualstudio/17.0_ffbe46ba/extensions/5os3j1i2.qnk/WebView/Resources/chat.js (2)
[0702/223327.045:INFO:CONSOLE(2)] "[object Object]", source: file:///C:/users/10057/appdata/local/microsoft/visualstudio/17.0_ffbe46ba/extensions/5os3j1i2.qnk/WebView/Resources/chat.js (2)
[0702/223327.545:INFO:CONSOLE(2)] "Extension->Webview: [object Object]", source: file:///C:/users/10057/appdata/local/microsoft/visualstudio/17.0_ffbe46ba/extensions/5os3j1i2.qnk/WebView/Resources/chat.js (2)
[0702/223327.545:INFO:CONSOLE(2)] "[object Object]", source: file:///C:/users/10057/appdata/local/microsoft/visualstudio/17.0_ffbe46ba/extensions/5os3j1i2.qnk/WebView/Resources/chat.js (2)
[0702/223327.546:INFO:CONSOLE(2)] "Extension->Webview: [object Object]", source: file:///C:/users/10057/appdata/local/microsoft/visualstudio/17.0_ffbe46ba/extensions/5os3j1i2.qnk/WebView/Resources/chat.js (2)
[0702/223327.546:INFO:CONSOLE(2)] "[object Object]", source: file:///C:/users/10057/appdata/local/microsoft/visualstudio/17.0_ffbe46ba/extensions/5os3j1i2.qnk/WebView/Resources/chat.js (2)
[0702/223327.578:INFO:CONSOLE(2)] "[object Object]", source: file:///C:/users/10057/appdata/local/microsoft/visualstudio/17.0_ffbe46ba/extensions/5os3j1i2.qnk/WebView/Resources/chat.js (2)
[0702/223503.211:WARNING:runtime_features.cc(728)] AttributionReportingCrossAppWeb cannot be enabled in this configuration. Use --enable-features=ConversionMeasurement,AttributionReportingCrossAppWeb in addition.
[0702/223503.231:WARNING:runtime_features.cc(728)] AttributionReportingCrossAppWeb cannot be enabled in this configuration. Use --enable-features=ConversionMeasurement,AttributionReportingCrossAppWeb in addition.
[0702/223503.585:INFO:CONSOLE(2)] "[object Object]", source: file:///C:/users/10057/appdata/local/microsoft/visualstudio/17.0_ffbe46ba/extensions/5os3j1i2.qnk/WebView/Resources/chat.js (2)
[0702/223503.633:INFO:CONSOLE(2)] "Webview->Extension: [object Object]", source: file:///C:/users/10057/appdata/local/microsoft/visualstudio/17.0_ffbe46ba/extensions/5os3j1i2.qnk/WebView/Resources/chat.js (2)
[0702/223503.633:INFO:CONSOLE(2)] "Webview->Extension: [object Object]", source: file:///C:/users/10057/appdata/local/microsoft/visualstudio/17.0_ffbe46ba/extensions/5os3j1i2.qnk/WebView/Resources/chat.js (2)
[0702/223503.633:INFO:CONSOLE(2)] "Webview->Extension: [object Object]", source: file:///C:/users/10057/appdata/local/microsoft/visualstudio/17.0_ffbe46ba/extensions/5os3j1i2.qnk/WebView/Resources/chat.js (2)
[0702/223503.633:INFO:CONSOLE(2)] "Webview->Extension: [object Object]", source: file:///C:/users/10057/appdata/local/microsoft/visualstudio/17.0_ffbe46ba/extensions/5os3j1i2.qnk/WebView/Resources/chat.js (2)
[0702/223503.633:INFO:CONSOLE(2)] "Webview->Extension: [object Object]", source: file:///C:/users/10057/appdata/local/microsoft/visualstudio/17.0_ffbe46ba/extensions/5os3j1i2.qnk/WebView/Resources/chat.js (2)
[0702/223503.633:INFO:CONSOLE(2)] "Webview->Extension: [object Object]", source: file:///C:/users/10057/appdata/local/microsoft/visualstudio/17.0_ffbe46ba/extensions/5os3j1i2.qnk/WebView/Resources/chat.js (2)
[0702/223503.633:INFO:CONSOLE(2)] "[object Object]", source: file:///C:/users/10057/appdata/local/microsoft/visualstudio/17.0_ffbe46ba/extensions/5os3j1i2.qnk/WebView/Resources/chat.js (2)
[0702/223503.633:INFO:CONSOLE(2)] "[object Object]", source: file:///C:/users/10057/appdata/local/microsoft/visualstudio/17.0_ffbe46ba/extensions/5os3j1i2.qnk/WebView/Resources/chat.js (2)
[0702/223503.639:INFO:CONSOLE(2)] "[object Object]", source: file:///C:/users/10057/appdata/local/microsoft/visualstudio/17.0_ffbe46ba/extensions/5os3j1i2.qnk/WebView/Resources/chat.js (2)
[0702/223503.725:INFO:CONSOLE(2)] "Extension->Webview: [object Object]", source: file:///C:/users/10057/appdata/local/microsoft/visualstudio/17.0_ffbe46ba/extensions/5os3j1i2.qnk/WebView/Resources/chat.js (2)
[0702/223503.725:INFO:CONSOLE(2)] "[object Object]", source: file:///C:/users/10057/appdata/local/microsoft/visualstudio/17.0_ffbe46ba/extensions/5os3j1i2.qnk/WebView/Resources/chat.js (2)
[0702/223503.726:INFO:CONSOLE(2)] "Extension->Webview: [object Object]", source: file:///C:/users/10057/appdata/local/microsoft/visualstudio/17.0_ffbe46ba/extensions/5os3j1i2.qnk/WebView/Resources/chat.js (2)
[0702/223503.726:INFO:CONSOLE(2)] "[object Object]", source: file:///C:/users/10057/appdata/local/microsoft/visualstudio/17.0_ffbe46ba/extensions/5os3j1i2.qnk/WebView/Resources/chat.js (2)
